<?xml version="1.0" encoding="UTF-8"?>
<testng-results ignored="0" total="1" passed="1" failed="0" skipped="0">
  <reporter-output>
  </reporter-output>
  <suite started-at="2022-04-23T14:12:13 IST" name="Default suite" finished-at="2022-04-23T14:12:13 IST" duration-ms="75">
    <groups>
    </groups>
    <test started-at="2022-04-23T14:12:13 IST" name="Default test" finished-at="2022-04-23T14:12:13 IST" duration-ms="75">
      <class name="step1.NewTestNG">
        <test-method is-config="true" signature="c()[pri:0, instance:step1.NewTestNG@52af26ee]" started-at="2022-04-23T14:12:13 IST" name="c" finished-at="2022-04-23T14:12:13 IST" duration-ms="12" status="PASS">
          <reporter-output>
          </reporter-output>
        </test-method> <!-- c -->
        <test-method signature="f()[pri:0, instance:step1.NewTestNG@52af26ee]" started-at="2022-04-23T14:12:13 IST" name="f" finished-at="2022-04-23T14:12:13 IST" duration-ms="8" status="PASS">
          <reporter-output>
          </reporter-output>
        </test-method> <!-- f -->
        <test-method is-config="true" signature="d()[pri:0, instance:step1.NewTestNG@52af26ee]" started-at="2022-04-23T14:12:13 IST" name="d" finished-at="2022-04-23T14:12:13 IST" duration-ms="1" status="PASS">
          <reporter-output>
          </reporter-output>
        </test-method> <!-- d -->
      </class> <!-- step1.NewTestNG -->
    </test> <!-- Default test -->
  </suite> <!-- Default suite -->
</testng-results>
